[07/Nov/2020 05:10:43] "GET /admin/ HTTP/1.1" 200 6911
Not Found: /favicon.ico
[07/Nov/2020 05:10:45] "GET /favicon.ico HTTP/1.1" 404 2085
[07/Nov/2020 05:10:48] "GET /admin/account/user/ HTTP/1.1" 200 4487
[07/Nov/2020 05:10:48] "GET /admin/jsi18n/ HTTP/1.1" 200 8292
[07/Nov/2020 05:10:50] "GET /admin/account/user/test_40test.com/change/ HTTP/1.1" 200 6418
[07/Nov/2020 05:10:50] "GET /admin/jsi18n/ HTTP/1.1" 200 8292
[07/Nov/2020 05:10:52] "GET /admin/account/user/ HTTP/1.1" 200 4487
[07/Nov/2020 11:39:37] "POST /account/sendCode/ HTTP/1.1" 200 6
[07/Nov/2020 11:39:53] "POST /account/signup/ HTTP/1.1" 200 1
[07/Nov/2020 11:40:03] "POST /account/setInterest/ HTTP/1.1" 200 1
[07/Nov/2020 11:40:14] "POST /account/login/ HTTP/1.1" 200 1
[07/Nov/2020 11:41:04] "POST /account/login/ HTTP/1.1" 200 1
[07/Nov/2020 11:47:33] "GET /admin/ HTTP/1.1" 200 6911
[07/Nov/2020 11:47:34] "GET /static/admin/css/base.css HTTP/1.1" 304 0
[07/Nov/2020 11:47:34] "GET /static/admin/css/dashboard.css HTTP/1.1" 304 0
[07/Nov/2020 11:47:34] "GET /static/admin/css/responsive.css HTTP/1.1" 304 0
[07/Nov/2020 11:47:35] "GET /static/admin/css/fonts.css HTTP/1.1" 304 0
[07/Nov/2020 11:47:35] "GET /static/admin/img/icon-addlink.svg HTTP/1.1" 304 0
[07/Nov/2020 11:47:35] "GET /static/admin/img/icon-changelink.svg HTTP/1.1" 304 0
[07/Nov/2020 11:47:35] "GET /static/admin/img/icon-deletelink.svg HTTP/1.1" 304 0
[07/Nov/2020 11:47:36] "GET /static/admin/fonts/Roboto-Light-webfont.woff HTTP/1.1" 304 0
[07/Nov/2020 11:47:36] "GET /static/admin/fonts/Roboto-Bold-webfont.woff HTTP/1.1" 304 0
[07/Nov/2020 11:47:36] "GET /static/admin/fonts/Roboto-Regular-webfont.woff HTTP/1.1" 304 0
Not Found: /favicon.ico
[07/Nov/2020 11:47:36] "GET /favicon.ico HTTP/1.1" 404 2193
[07/Nov/2020 11:47:38] "GET /admin/account/user/ HTTP/1.1" 200 4756
[07/Nov/2020 11:47:39] "GET /static/admin/css/changelists.css HTTP/1.1" 304 0
[07/Nov/2020 11:47:39] "GET /admin/jsi18n/ HTTP/1.1" 200 8292
[07/Nov/2020 11:47:39] "GET /static/admin/js/vendor/jquery/jquery.js HTTP/1.1" 304 0
[07/Nov/2020 11:47:39] "GET /static/admin/js/core.js HTTP/1.1" 304 0
[07/Nov/2020 11:47:39] "GET /static/admin/js/jquery.init.js HTTP/1.1" 304 0
[07/Nov/2020 11:47:39] "GET /static/admin/js/admin/RelatedObjectLookups.js HTTP/1.1" 304 0
[07/Nov/2020 11:47:39] "GET /static/admin/js/urlify.js HTTP/1.1" 304 0
[07/Nov/2020 11:47:39] "GET /static/admin/js/actions.js HTTP/1.1" 304 0
[07/Nov/2020 11:47:39] "GET /static/admin/js/prepopulate.js HTTP/1.1" 304 0
[07/Nov/2020 11:47:39] "GET /static/admin/js/vendor/xregexp/xregexp.js HTTP/1.1" 304 0
[07/Nov/2020 11:47:39] "GET /static/admin/img/tooltag-add.svg HTTP/1.1" 304 0
[07/Nov/2020 11:47:41] "GET /admin/account/user/ms010805_40naver.com/change/ HTTP/1.1" 200 6443
[07/Nov/2020 11:47:41] "GET /static/admin/css/forms.css HTTP/1.1" 304 0
[07/Nov/2020 11:47:41] "GET /static/admin/js/change_form.js HTTP/1.1" 304 0
[07/Nov/2020 11:47:41] "GET /static/admin/js/prepopulate_init.js HTTP/1.1" 304 0
[07/Nov/2020 11:47:41] "GET /admin/jsi18n/ HTTP/1.1" 200 8292
[07/Nov/2020 11:47:41] "GET /static/admin/css/widgets.css HTTP/1.1" 304 0
[07/Nov/2020 11:47:44] "GET /admin/account/user/ HTTP/1.1" 200 4756
[07/Nov/2020 11:49:00] "POST /account/sendCode/ HTTP/1.1" 200 6
[07/Nov/2020 11:49:16] "POST /account/signup/ HTTP/1.1" 200 1
[07/Nov/2020 11:49:48] "POST /account/setInterest/ HTTP/1.1" 200 1
[07/Nov/2020 11:50:07] "POST /account/login/ HTTP/1.1" 200 1
[07/Nov/2020 11:55:59] "POST /account/setInterest/ HTTP/1.1" 200 1
[07/Nov/2020 11:58:29] "POST /account/setInterest/ HTTP/1.1" 200 1
